0 info it worked if it ends with ok
1 verbose cli [ '/usr/local/Cellar/node/5.0.0/bin/node',
1 verbose cli   '/usr/local/bin/npm',
1 verbose cli   'run',
1 verbose cli   'watch' ]
2 info using npm@2.14.15
3 info using node@v5.0.0
4 verbose run-script [ 'prewatch', 'watch', 'postwatch' ]
5 info prewatch ops-app-ui@1.0.0
6 info watch ops-app-ui@1.0.0
7 verbose unsafe-perm in lifecycle true
8 info ops-app-ui@1.0.0 Failed to exec watch script
9 verbose stack Error: ops-app-ui@1.0.0 watch: `webpack-dev-server --hot --inline --progress --colors`
9 verbose stack Exit status 1
9 verbose stack     at EventEmitter.<anonymous> (/usr/local/lib/node_modules/npm/lib/utils/lifecycle.js:214:16)
9 verbose stack     at emitTwo (events.js:87:13)
9 verbose stack     at EventEmitter.emit (events.js:172:7)
9 verbose stack     at ChildProcess.<anonymous> (/usr/local/lib/node_modules/npm/lib/utils/spawn.js:24:14)
9 verbose stack     at emitTwo (events.js:87:13)
9 verbose stack     at ChildProcess.emit (events.js:172:7)
9 verbose stack     at maybeClose (internal/child_process.js:818:16)
9 verbose stack     at Process.ChildProcess._handle.onexit (internal/child_process.js:211:5)
10 verbose pkgid ops-app-ui@1.0.0
11 verbose cwd /Users/rodneycox/Dev/ops-app-ui
12 error Darwin 15.0.0
13 error argv "/usr/local/Cellar/node/5.0.0/bin/node" "/usr/local/bin/npm" "run" "watch"
14 error node v5.0.0
15 error npm  v2.14.15
16 error code ELIFECYCLE
17 error ops-app-ui@1.0.0 watch: `webpack-dev-server --hot --inline --progress --colors`
17 error Exit status 1
18 error Failed at the ops-app-ui@1.0.0 watch script 'webpack-dev-server --hot --inline --progress --colors'.
18 error This is most likely a problem with the ops-app-ui package,
18 error not with npm itself.
18 error Tell the author that this fails on your system:
18 error     webpack-dev-server --hot --inline --progress --colors
18 error You can get their info via:
18 error     npm owner ls ops-app-ui
18 error There is likely additional logging output above.
19 verbose exit [ 1, true ]
